2013-10-16 21:18:37 Assassins: ln276 logged out.
2013-10-16 21:18:48 Assassins: cydf2 reset password.
2013-10-16 21:19:03 Assassins: cydf2 logged in.
2013-10-16 21:50:23 Assassins: cydf2 logged out.
2013-10-16 21:56:01 Assassins: cydf2 logged in.
2013-10-16 23:03:07 Assassins: cydf2 logged out.
2013-10-17 01:08:23 Assassins: cydf2 logged in.
2013-10-17 10:31:03 Assassins: cydf2 logged in.
2013-10-17 16:23:43 Assassins: ln276 logged in.
2013-10-17 16:23:48 Assassins: ln276 logged out.
2013-10-17 17:58:31 Assassins: cydf2 logged in.
2013-10-17 17:58:46 Assassins: cydf2 logged out.
2013-10-19 09:59:04 Assassins: cydf2 logged in.
2013-10-19 10:01:28 Assassins: cydf2 logged out.
2013-10-19 10:54:54 Assassins: cydf2 logged in.
2013-10-19 11:13:34 Assassins: cydf2 logged out.
2013-10-19 19:23:13 Assassins: twdl3 registered.
2013-10-19 19:23:21 Assassins: twdl3 logged in.
2013-10-19 23:38:52 Assassins: bwjn2 registered.
2013-10-19 23:38:59 Assassins: bwjn2 logged in.
2013-10-20 00:07:27 Assassins: cydf2 logged in.
2013-10-20 00:14:22 Assassins: cydf2 logged out.
2013-10-20 00:50:29 Assassins: cydf2 logged in.
2013-10-20 10:28:56 Assassins: lqc21 registered.
2013-10-20 10:29:11 Assassins: lqc21 logged in.
2013-10-20 10:29:41 Assassins: lqc21 logged out.
2013-10-20 11:15:10 Assassins: cydf2 logged in.
2013-10-20 15:21:23 Assassins: cydf2 logged in.
2013-10-20 17:13:58 Assassins: cydf2 logged in.
2013-10-20 17:14:19 Assassins: cydf2 logged out.
2013-10-20 20:59:05 Assassins: sjyn2 registered.
2013-10-20 20:59:14 Assassins: sjyn2 logged in.
2013-10-20 22:17:20 Assassins: ltcw2 registered.
2013-10-20 22:19:23 Assassins: jyk30 registered.
2013-10-21 01:34:12 Assassins: cydf2 logged in.
2013-10-21 13:11:22 Assassins: cydf2 logged in.
2013-10-21 20:38:20 Assassins: ysjl2 registered.
2013-10-21 20:38:35 Assassins: ysjl2 logged in.
2013-10-21 20:38:53 Assassins: ysjl2 logged out.
2013-10-21 22:34:43 Assassins: cydf2 logged in.
2013-10-22 00:18:21 Assassins: nz248 registered.
2013-10-22 00:18:39 Assassins: nz248 logged in.
2013-10-22 00:18:58 Assassins: nz248 logged out.
2013-10-22 00:56:30 Assassins: cydf2 logged in.
2013-10-22 01:03:02 Assassins: vc292 registered.
2013-10-22 01:04:02 Assassins: hss28 registered.
2013-10-22 01:04:08 Assassins: hss28 logged in.
2013-10-22 01:04:57 Assassins: vc292 reset password.
2013-10-22 01:05:20 Assassins: vc292 logged in.
2013-10-22 01:05:53 Assassins: clyt2 registered.
2013-10-22 01:06:00 Assassins: clyt2 logged in.
2013-10-22 01:06:22 Assassins: jcjp3 registered.
2013-10-22 01:06:29 Assassins: jcjp3 logged in.
2013-10-22 01:06:37 Assassins: jcjp3 logged out.
2013-10-22 01:13:48 Assassins: sxl22 registered.
2013-10-22 01:13:58 Assassins: sxl22 logged in.
2013-10-22 01:18:47 Assassins: qx217 registered.
2013-10-22 01:19:01 Assassins: qx217 logged in.
2013-10-22 07:32:02 Assassins: sht29 registered.
2013-10-22 07:32:15 Assassins: sht29 logged in.
2013-10-22 07:32:22 Assassins: sht29 logged out.
2013-10-22 08:13:33 Assassins: slz23 registered.
2013-10-22 08:13:50 Assassins: slz23 logged in.
2013-10-22 08:21:24 Assassins: gjwk2 registered.
2013-10-22 08:21:35 Assassins: gjwk2 logged in.
2013-10-22 08:24:24 Assassins: gjwk2 logged out.
2013-10-22 08:26:30 Assassins: pz250 registered.
2013-10-22 08:27:04 Assassins: pz250 logged in.
2013-10-22 08:32:52 Assassins: ph407 registered.
2013-10-22 08:33:05 Assassins: ph407 logged in.
2013-10-22 08:52:39 Assassins: yfss2 registered.
2013-10-22 08:52:46 Assassins: yfss2 logged in.
2013-10-22 08:53:30 Assassins: aedt2 registered.
2013-10-22 08:53:48 Assassins: aedt2 logged in.
2013-10-22 09:58:31 Assassins: cydf2 logged in.
2013-10-22 15:54:02 Assassins: zkg20 registered.
2013-10-22 15:54:17 Assassins: zkg20 logged in.
2013-10-22 19:25:44 Assassins: cydf2 logged in.
2013-10-22 20:46:58 Assassins: cydf2 changed password.
2013-10-22 20:47:25 Assassins: cydf2 changed password.
2013-10-22 20:47:28 Assassins: cydf2 logged out.
2013-10-22 20:47:37 Assassins: cydf2 logged in.
2013-10-22 20:47:40 Assassins: cydf2 logged out.
2013-10-22 20:47:53 Assassins: cydf2 logged in.
2013-10-22 20:48:15 Assassins: vc292 changed password.
2013-10-22 20:48:38 Assassins: cydf2 logged out.
2013-10-22 20:48:48 Assassins: vc292 logged in.
2013-10-22 20:48:50 Assassins: vc292 logged out.
2013-10-22 20:50:20 Assassins: cydf2 logged in.
2013-10-22 20:52:52 Assassins: cydf2 logged out.
2013-10-22 20:53:44 Assassins: cydf2 reset password.
2013-10-22 20:53:54 Assassins: cydf2 logged in.
2013-10-22 20:54:05 Assassins: cydf2 changed password.
2013-10-22 20:54:08 Assassins: cydf2 logged out.
2013-10-22 20:54:14 Assassins: cydf2 logged in.
2013-10-22 21:04:40 Assassins: cydf2 logged out.
2013-10-22 21:04:47 Assassins: cydf2 logged in.
2013-10-22 21:05:20 Assassins: cydf2 logged out.
2013-10-22 21:14:35 Assassins: cydf2 logged in.
2013-10-22 21:17:29 Assassins: cydf2 logged out.
2013-10-22 21:48:34 Assassins: cydf2 logged in.
2013-10-22 21:48:49 Assassins: cydf2 logged out.
2013-10-22 21:48:56 Assassins: vc292 logged in.
2013-10-22 21:49:06 Assassins: vc292 logged out.
2013-10-23 01:16:32 Assassins: wg244 registered.
2013-10-23 01:16:46 Assassins: wg244 logged in.
2013-10-23 08:06:46 Assassins: ylt23 registered.
2013-10-23 08:06:55 Assassins: ylt23 logged in.
2013-10-23 08:07:00 Assassins: ylt23 logged out.
2013-10-23 09:07:39 Assassins: cydf2 logged in.
2013-10-23 14:42:10 Assassins: Gyjt2 registered.
2013-10-23 14:42:38 Assassins: Gyjt2 logged in.
2013-10-23 15:32:25 Assassins: cydf2 logged in.
2013-10-24 14:03:01 Assassins: Yyma2 registered.
2013-10-24 14:03:14 Assassins: Yyma2 logged in.
2013-10-24 14:04:52 Assassins: Yyma2 logged out.
2013-10-24 14:50:41 Assassins: cydf2 logged in.
2013-10-24 21:08:00 Assassins: cydf2 logged in.
2013-10-24 23:11:01 Assassins: fcjht2 registered.
2013-10-24 23:16:26 Assassins: llry2 registered.
2013-10-24 23:16:43 Assassins: llry2 logged in.
2013-10-24 23:28:09 Assassins: mcpy2 registered.
2013-10-24 23:28:17 Assassins: mcpy2 logged in.
2013-10-24 23:29:30 Assassins: dy251 registered.
2013-10-24 23:29:35 Assassins: dy251 logged in.
2013-10-24 23:56:56 Assassins: jy324 registered.
2013-10-24 23:57:01 Assassins: jy324 logged in.
2013-10-25 00:00:47 Assassins: dn304 registered.
2013-10-25 00:01:00 Assassins: dn304 logged in.
2013-10-25 00:01:40 Assassins: bq204 registered.
2013-10-25 00:01:55 Assassins: bq204 logged in.
2013-10-25 00:02:00 Assassins: bq204 logged out.
2013-10-25 00:03:07 Assassins: zcn21 registered.
2013-10-25 00:03:15 Assassins: zcn21 logged in.
2013-10-25 00:32:47 Assassins: hwet2 registered.
2013-10-25 00:37:52 Assassins: ylc31 registered.
2013-10-25 00:38:33 Assassins: ylc31 logged in.
2013-10-25 00:38:47 Assassins: jw766 registered.
2013-10-25 00:38:56 Assassins: jw766 logged in.
2013-10-25 01:15:16 Assassins: cydf2 logged in.
2013-10-25 15:47:18 Assassins: ycl51 registered.
2013-10-25 17:01:22 Assassins: cy274 registered.
2013-10-25 17:01:55 Assassins: cy274 logged in.
2013-10-25 17:15:18 Assassins: Gyjt2 reset password.
2013-10-25 20:57:34 Assassins: cydf2 logged in.
2013-10-25 23:04:56 Assassins: dylq2 registered.
2013-10-25 23:05:07 Assassins: dylq2 logged in.
2013-10-25 23:08:26 Assassins: sldc3 registered.
2013-10-25 23:08:52 Assassins: sldc3 logged in.
2013-10-26 00:36:57 Assassins: cbh31 registered.
2013-10-26 00:37:10 Assassins: cbh31 logged in.
2013-10-26 01:03:07 Assassins: sawl2 registered.
2013-10-26 01:03:13 Assassins: sawl2 logged in.
2013-10-26 01:03:17 Assassins: sawl2 logged out.
2013-10-26 01:21:05 Assassins: cydf2 logged in.
2013-10-26 01:28:07 Assassins: ssjt2 registered.
2013-10-26 01:28:14 Assassins: ssjt2 logged in.
2013-10-26 01:35:32 Assassins: pln24 registered.
2013-10-26 01:36:02 Assassins: pln24 logged in.
2013-10-26 02:20:51 Assassins: jk599 registered.
2013-10-26 02:20:57 Assassins: jk599 logged in.
2013-10-26 13:49:55 Assassins: cydf2 logged in.
2013-10-26 18:39:28 Assassins: yht22 registered.
2013-10-26 18:39:43 Assassins: yht22 logged in.
2013-10-26 19:30:55 Assassins: tl383 registered.
2013-10-26 20:15:56 Assassins: cydf2 logged in.
2013-10-26 20:42:41 Assassins: jyk30 logged in.
2013-10-26 20:44:41 Assassins: jyk30 logged out.
2013-10-26 21:14:20 Assassins: yc365 registered.
2013-10-26 21:21:40 Assassins: ycil2 registered.
2013-10-26 21:21:50 Assassins: ycil2 logged in.
2013-10-27 00:00:21 Assassins: cydf2 logged out.
2013-10-27 00:00:29 Assassins: vc292 logged in.
2013-10-27 00:00:33 Assassins: jyk30 logged in.
2013-10-27 00:02:02 Assassins: vc292 logged out.
2013-10-27 00:02:08 Assassins: cydf2 logged in.
2013-10-27 00:03:26 Assassins: cydf2 logged out.
2013-10-27 00:05:12 Assassins: ltcw2 logged in.
2013-10-27 00:05:45 Assassins: cydf2 logged in.
2013-10-27 00:08:41 Assassins: yfss2 logged in.
2013-10-27 00:08:52 Assassins: sawl2 logged in.
2013-10-27 00:09:15 Assassins: sawl2 logged out.
2013-10-27 00:09:16 Assassins: lqc21 logged in.
2013-10-27 00:09:36 Assassins: dy251 logged in.
2013-10-27 00:11:57 Assassins: wg244 logged in.
2013-10-27 00:12:26 Assassins: lqc21 logged out.
2013-10-27 00:14:24 Assassins: llry2 logged in.
2013-10-27 00:16:54 Assassins: nz248 reset password.
2013-10-27 00:17:11 Assassins: nz248 logged in.
2013-10-27 00:17:31 Assassins: nz248 logged out.
2013-10-27 00:22:56 Assassins: gyjt2 logged in.
2013-10-27 00:23:07 Assassins: sht29 logged in.
2013-10-27 00:23:38 Assassins: sht29 logged out.
2013-10-27 00:24:27 Assassins: dn304 logged in.
2013-10-27 00:24:59 Assassins: ssjt2 logged in.
2013-10-27 00:30:00 Assassins: ycil2 logged out.
2013-10-27 00:34:38 Assassins: yyma2 logged in.
2013-10-27 00:41:23 Assassins: dn304 logged out.
2013-10-27 00:51:15 Assassins: zcn21 logged in.
2013-10-27 01:13:23 Assassins: bwjn2 logged in.
2013-10-27 02:07:19 Assassins: jw766 logged in.
2013-10-27 02:13:44 Assassins: pz250 logged in.
2013-10-27 02:40:12 Assassins: twdl3 logged in.
2013-10-27 03:29:33 Assassins: ylc31 logged in.
2013-10-27 08:26:17 Assassins: ysjl2 logged in.
2013-10-27 08:27:17 Assassins: ysjl2 logged out.
2013-10-27 08:35:03 Assassins: ph407 logged in.
2013-10-27 08:56:20 Assassins: jy324 logged in.
2013-10-27 08:58:13 Assassins: aedt2 logged in.
2013-10-27 08:58:37 Assassins: aedt2 logged out.
2013-10-27 09:11:11 Assassins: slz23 reset password.
2013-10-27 09:11:47 Assassins: slz23 logged in.
2013-10-27 09:25:21 Assassins: ycil2 logged in.
2013-10-27 10:00:32 Assassins: jcjp3 logged in.
2013-10-27 10:56:15 Assassins: zkg20 logged in.
2013-10-27 11:34:07 Assassins: cydf2 logged in.
2013-10-27 13:36:38 Assassins: hwet2 reset password.
2013-10-27 13:37:40 Assassins: hwet2 logged in.
2013-10-27 16:08:27 Assassins: yc365 reset password.
2013-10-27 16:08:52 Assassins: yc365 logged in.
2013-10-27 16:12:09 Assassins: yc365 logged out.
2013-10-27 18:09:40 Assassins: sjyn2 logged in.
2013-10-27 18:25:39 Assassins: bq204 reset password.
2013-10-27 18:26:19 Assassins: bq204 logged in.
2013-10-27 18:52:57 Assassins: yc365 logged in.
2013-10-27 18:59:08 Assassins: yc365 logged out.
2013-10-27 19:15:54 Assassins: yht22 logged in.
2013-10-27 19:35:37 Assassins: jk599 logged in.
2013-10-27 20:21:23 Assassins: qx217 logged in.
2013-10-27 20:43:59 Assassins: gjwk2 reset password.
2013-10-27 20:48:10 Assassins: gjwk2 logged in.
2013-10-27 20:54:16 Assassins: gjwk2 logged in.
2013-10-28 02:17:43 Assassins: clyt2 reset password.
2013-10-28 02:18:18 Assassins: clyt2 logged in.
2013-10-28 02:19:06 Assassins: vc292 logged in.
2013-10-28 02:41:05 Assassins: clyt2 logged out.
2013-10-28 02:41:38 Assassins: ylt23 logged in.
2013-10-28 11:06:00 Assassins: qx217 logged in.
2013-10-28 11:35:21 Assassins: dy251 logged in.
2013-10-28 11:52:29 Assassins: dy251 logged out.
2013-10-28 16:06:59 Assassins: cydf2 logged in.
2013-10-28 20:25:59 Assassins: sjyn2 logged in.
2013-10-28 21:19:39 Assassins: qx217 logged in.
2013-10-28 21:28:02 Assassins: cydf2 logged in.
2013-10-28 21:33:11 Assassins: cydf2 logged out.
2013-10-28 21:38:11 Assassins: qx217 logged in.
2013-10-28 21:51:36 Assassins: nz248 logged in.
2013-10-28 22:09:44 Assassins: bq204 logged in.
2013-10-28 22:56:42 Assassins: cy274 logged in.
2013-10-29 00:36:09 Assassins: cydf2 logged in.
2013-10-29 18:44:14 Assassins: ycil2 logged in.
2013-10-29 18:53:25 Assassins: ycil2 logged out.
2013-10-29 19:17:18 Assassins: ssjt2 logged in.
2013-10-29 20:07:46 Assassins: hss28 logged in.
2013-10-29 21:40:13 Assassins: cydf2 logged in.
2013-10-29 21:59:29 Assassins: bq204 logged in.
2013-10-29 22:01:33 Assassins: bq204 logged out.
2013-10-29 22:56:50 Assassins: tl383 reset password.
2013-10-29 22:59:10 Assassins: tl383 logged in.
2013-10-29 23:29:00 Assassins: cydf2 logged in.
2013-10-29 23:54:39 Assassins: ssjt2 logged in.
2013-10-31 12:13:50 Assassins: jyk30 logged in.
2013-10-31 18:32:53 Assassins: cydf2 logged in.
2013-10-31 22:28:50 Assassins: ssjt2 logged in.
2013-11-01 09:15:54 Assassins: sxl22 logged in.
2013-11-01 09:21:10 Assassins: qx217 logged in.
2013-11-01 11:01:19 Assassins: qx217 logged in.
2013-11-01 13:54:45 Assassins: sldc3 logged in.
2013-11-01 14:12:27 Assassins: tl383 reset password.
2013-11-01 14:13:08 Assassins: tl383 logged in.
2013-11-01 14:30:14 Assassins: cydf2 logged in.
2013-11-01 15:41:01 Assassins: zkg20 logged in.
2013-11-01 17:46:42 Assassins: qx217 logged in.
2013-11-01 19:30:57 Assassins: dylq2 logged in.
2013-11-01 19:31:17 Assassins: dylq2 logged out.
2013-11-02 01:42:49 Assassins: ycil2 logged in.
2013-11-02 01:48:14 Assassins: ycil2 logged out.
2013-11-02 14:08:51 Assassins: twdl3 logged in.
2013-11-02 14:54:16 Assassins: ysjl2 logged in.
2013-11-02 14:56:30 Assassins: ysjl2 logged out.
2013-11-02 15:35:02 Assassins: twdl3 logged in.
2013-11-02 23:34:00 Assassins: cydf2 logged in.
2013-11-03 14:31:14 Assassins: cy274 logged in.
2013-11-03 14:34:39 Assassins: lqc21 logged in.
2013-11-03 14:38:16 Assassins: cydf2 logged in.
2013-11-03 15:54:17 Assassins: sawl2 logged in.
2013-11-03 15:56:55 Assassins: sawl2 logged out.
2013-11-03 17:00:06 Assassins: lqc21 logged out.
2013-11-03 21:13:22 Assassins: sawl2 logged in.
2013-11-04 21:04:26 Assassins: lqc21 logged in.
2013-11-04 21:07:07 Assassins: hwet2 reset password.
2013-11-04 21:07:28 Assassins: hwet2 logged in.
2013-11-04 22:30:16 Assassins: lqc21 logged out.
2013-11-04 23:17:05 Assassins: cydf2 logged in.
2013-11-04 23:28:51 Assassins: cydf2 logged out.
2013-11-07 20:44:44 Assassins: sawl2 logged in.
2013-11-08 00:50:28 Assassins: ylc31 logged in.
2013-11-08 14:19:00 Assassins: cydf2 logged in.
2013-11-09 21:46:25 Assassins: ssjt2 logged in.
2013-11-09 23:30:16 Assassins: qx217 logged in.
2013-11-09 23:48:47 Assassins: cydf2 logged in.
2013-11-11 00:59:46 Assassins: qx217 logged in.
2013-11-11 03:32:59 Assassins: gyjt2 logged in.
2013-11-11 09:48:14 Assassins: fcjht2 reset password.
2013-11-11 09:48:56 Assassins: fcjht2 reset password.
2013-11-11 11:24:00 Assassins: qx217 logged in.
2013-11-11 16:10:13 Assassins: cydf2 logged in.
2013-11-11 23:25:39 Assassins: cydf2 logged in.
2013-11-12 22:21:33 Assassins: cydf2 logged in.
2013-11-15 11:17:47 Assassins: jcjp3 logged in.
2013-11-15 11:22:21 Assassins: jcjp3 logged out.
2013-11-23 22:52:35 Assassins: cydf2 logged in.
2013-11-24 12:01:04 Assassins: ssjt2 logged in.
2013-11-24 14:28:56 Assassins: jk599 logged in.
2013-11-24 16:40:04 Assassins: dn304 logged in.
2013-11-29 16:52:18 Assassins: zkg20 logged in.
2013-12-02 00:33:57 Assassins: lqc21 logged in.
2013-12-03 11:09:00 Assassins: ssjt2 logged in.
2013-12-03 11:09:05 Assassins: ssjt2 logged out.
2013-12-04 20:10:31 Assassins: clyt2 reset password.
2013-12-04 20:11:16 Assassins: clyt2 logged in.
2013-12-05 16:50:18 Assassins: ssjt2 logged in.
2013-12-06 12:50:10 Assassins: cydf2 logged in.
2013-12-07 01:19:52 Assassins: gyjt2 logged in.
2013-12-07 01:24:36 Assassins: cydf2 logged in.
2013-12-27 09:33:45 Assassins: cydf2 logged in.
2014-01-11 22:32:03 Assassins: dylq2 reset password.
2014-01-11 22:32:31 Assassins: dylq2 logged in.
2014-01-11 22:32:47 Assassins: dylq2 logged out.
2014-01-13 09:25:16 Assassins: ph407 reset password.
2014-01-13 09:25:17 Assassins: ph407 reset password.
2014-01-13 09:25:37 Assassins: ph407 logged in.
2014-01-13 09:26:03 Assassins: ph407 logged out.
2014-01-13 18:10:19 Assassins: cydf2 logged in.
2014-01-17 02:52:29 Assassins: sxl22 reset password.
2014-01-17 02:52:48 Assassins: sxl22 logged in.
2014-01-17 21:15:59 Assassins: cydf2 logged in.
2014-01-17 21:16:52 Assassins: cydf2 logged out.
2014-01-19 01:05:06 Assassins: cydf2 logged in.
2014-01-19 10:16:32 Assassins: cydf2 logged in.
2014-01-19 14:21:00 Assassins: lqc21 logged in.
2014-01-19 16:50:17 Assassins: dn304 reset password.
2014-01-19 16:50:39 Assassins: dn304 logged in.
2014-01-19 18:51:30 Assassins: sjyn2 logged in.
2014-01-20 20:37:06 Assassins: cydf2 logged in.
2014-01-22 22:16:12 Assassins: lqc21 logged in.
2014-01-22 22:17:32 Assassins: lqc21 logged out.
2014-01-23 08:17:01 Assassins: cydf2 logged in.
2014-01-23 16:46:25 Assassins: lqc21 logged in.
2014-01-23 16:49:01 Assassins: lqc21 logged out.
2014-01-23 20:47:44 Assassins: cydf2 logged in.
2014-01-25 14:43:01 Assassins: lqc21 logged in.
2014-01-25 14:45:10 Assassins: lqc21 logged out.
2014-01-25 17:33:38 Assassins: cydf2 logged in.
2014-01-27 17:01:35 Assassins: dn304 logged in.
2014-02-06 21:18:11 Assassins: lqc21 logged in.
2014-02-06 21:20:24 Assassins: lqc21 logged out.
2014-02-06 21:26:04 Assassins: clyt2 reset password.
2014-02-06 21:27:00 Assassins: clyt2 logged in.
2014-02-06 22:51:19 Assassins: lqc21 logged in.
2014-02-07 21:47:36 Assassins: cydf2 logged in.
2014-02-09 02:18:41 Assassins: lqc21 logged in.
2014-02-09 02:41:49 Assassins: lqc21 logged out.
2014-02-09 10:19:53 Assassins: jyk30 logged in.
2014-02-09 10:21:15 Assassins: jyk30 logged out.
2014-02-09 10:27:02 Assassins: lqc21 logged in.
2014-02-09 18:42:00 Assassins: cydf2 logged in.
2014-02-09 20:44:15 Assassins: sawl2 logged in.
2014-02-10 16:21:42 Assassins: cydf2 logged in.
2014-02-13 01:28:26 Assassins: sawl2 logged in.
2014-02-13 01:29:18 Assassins: sawl2 logged out.
2014-02-13 01:29:44 Assassins: dn304 logged in.
2014-02-13 01:31:03 Assassins: dn304 logged out.
2014-02-14 00:27:49 Assassins: cydf2 logged in.
2014-02-15 01:53:01 Assassins: cydf2 logged in.
2014-02-15 10:54:51 Assassins: cydf2 logged in.
2014-02-20 23:49:25 Assassins: cydf2 logged in.
2014-09-27 13:15:17 Assassins: nrjc2 registered.
2014-09-27 13:18:15 Assassins: nrjc2 logged in.
2014-10-31 20:50:55 Assassins: cydf2 logged in.
2014-10-31 21:00:25 Assassins: nrjc2 changed password.
2014-10-31 21:00:34 Assassins: cydf2 logged out.
2014-10-31 21:00:41 Assassins: nrjc2 logged in.
2014-10-31 21:24:23 Assassins: nrjc2 logged out.
2014-10-31 21:26:50 Assassins: nrjc2 registered.
2014-10-31 21:28:26 Assassins: nrjc2 logged in.
2014-10-31 21:47:01 Assassins: nrjc2 logged out.
2014-10-31 21:54:03 Assassins: nrjc2 registered.
2014-10-31 21:54:11 Assassins: nrjc2 logged in.
2014-10-31 21:56:14 Assassins: nrjc2 logged out.
2014-10-31 21:56:23 Assassins: cydf2 logged in.
2014-10-31 21:58:04 Assassins: cydf2 logged out.
2014-10-31 21:58:18 Assassins: nrjc2 logged in.
2014-10-31 22:03:54 Assassins: nrjc2 logged out.
2014-11-02 18:57:42 Assassins: nrjc2 logged in.
2014-11-02 23:33:43 Assassins: bq204 registered.
2014-11-02 23:33:56 Assassins: bq204 logged in.
2014-11-02 23:34:02 Assassins: bq204 logged out.
2014-11-02 23:34:07 Assassins: wg244 registered.
2014-11-02 23:34:18 Assassins: wg244 logged in.
2014-11-02 23:34:23 Assassins: nz248 registered.
2014-11-02 23:37:54 Assassins: sy333 registered.
2014-11-02 23:38:11 Assassins: sy333 logged in.
2014-11-02 23:46:50 Assassins: aaydn2 registered.
2014-11-02 23:47:05 Assassins: aaydn2 logged in.
2014-11-02 23:47:13 Assassins: aaydn2 logged out.
2014-11-02 23:49:36 Assassins: sjyn2 registered.
2014-11-02 23:49:47 Assassins: sjyn2 logged in.
2014-11-02 23:50:38 Assassins: aa831 registered.
2014-11-02 23:50:55 Assassins: aa831 logged in.
2014-11-02 23:51:04 Assassins: kk539 registered.
2014-11-02 23:51:07 Assassins: mcpy2 registered.
2014-11-02 23:51:19 Assassins: kk539 logged in.
2014-11-02 23:51:24 Assassins: mcpy2 logged in.
2014-11-02 23:51:32 Assassins: kk539 logged out.
2014-11-03 00:09:02 Assassins: ec557 registered.
2014-11-03 00:09:34 Assassins: ec557 logged in.
2014-11-03 00:13:11 Assassins: ab2234 registered.
2014-11-03 00:13:34 Assassins: ab2234 logged in.
2014-11-03 00:15:07 Assassins: ltcw2 registered.
2014-11-03 00:15:17 Assassins: ltcw2 logged in.
2014-11-03 00:22:32 Assassins: bt333 registered.
2014-11-03 00:22:40 Assassins: bt333 logged in.
2014-11-03 00:44:48 Assassins: ycil2 registered.
2014-11-03 00:44:58 Assassins: ycil2 logged in.
2014-11-03 00:50:48 Assassins: bwjn2 registered.
2014-11-03 00:50:58 Assassins: bwjn2 logged in.
2014-11-03 08:05:55 Assassins: gjwk2 registered.
2014-11-03 09:58:43 Assassins: nrjc2 logged in.
2014-11-03 12:14:58 Assassins: yd262 registered.
2014-11-03 12:15:13 Assassins: yd262 logged in.
2014-11-03 13:28:57 Assassins: gyjt2 registered.
2014-11-03 13:30:11 Assassins: llry2 registered.
2014-11-03 17:25:52 Assassins: dh510 registered.
2014-11-03 17:26:02 Assassins: dh510 logged in.
2014-11-03 22:37:41 Assassins: nrjc2 logged in.
2014-11-03 22:38:01 Assassins: nrjc2 logged in.
2014-11-03 23:19:51 Assassins: chl59 registered.
2014-11-03 23:19:58 Assassins: chl59 logged in.
2014-11-03 23:20:02 Assassins: chl59 logged out.
2014-11-03 23:26:21 Assassins: ckn25 registered.
2014-11-03 23:26:28 Assassins: ckn25 logged in.
2014-11-03 23:26:46 Assassins: ckn25 logged out.
2014-11-03 23:32:37 Assassins: yqh20 registered.
2014-11-03 23:32:55 Assassins: yqh20 logged in.
2014-11-04 02:04:14 Assassins: amhc2 registered.
2014-11-04 02:04:22 Assassins: amhc2 logged in.
2014-11-04 08:15:15 Assassins: tq208 registered.
2014-11-04 08:15:22 Assassins: tq208 logged in.
2014-11-04 09:58:09 Assassins: bmc37 registered.
2014-11-04 09:58:17 Assassins: bmc37 logged in.
2014-11-04 21:46:29 Assassins: nrjc2 logged in.
2014-11-05 16:53:49 Assassins: nrjc2 logged in.
2014-11-05 20:22:53 Assassins: ycil2 logged in.
2014-11-05 20:23:03 Assassins: ycil2 logged out.
2014-11-05 22:11:34 Assassins: nrjc2 logged in.
2014-11-05 22:16:07 Assassins: wlt26 registered.
2014-11-05 22:16:29 Assassins: wlt26 logged in.
2014-11-05 22:45:49 Assassins: jjo28 registered.
2014-11-05 22:45:59 Assassins: jjo28 logged in.
2014-11-05 23:00:30 Assassins: ac948 registered.
2014-11-05 23:00:41 Assassins: ac948 logged in.
2014-11-05 23:23:55 Assassins: zz301 registered.
2014-11-05 23:24:01 Assassins: zz301 logged in.
2014-11-05 23:35:08 Assassins: pz250 registered.
2014-11-05 23:35:18 Assassins: pz250 logged in.
2014-11-05 23:43:44 Assassins: dy251 registered.
2014-11-05 23:43:53 Assassins: dy251 logged in.
2014-11-05 23:59:50 Assassins: jcjp3 registered.
2014-11-05 23:59:58 Assassins: jcjp3 logged in.
2014-11-06 00:44:41 Assassins: wqkc2 registered.
2014-11-06 00:45:00 Assassins: wqkc2 logged in.
2014-11-06 00:45:10 Assassins: wqkc2 logged out.
2014-11-06 11:11:48 Assassins: wkg23 registered.
2014-11-06 12:28:06 Assassins: VRISD registered.
2014-11-06 12:28:55 Assassins: hwet2 registered.
2014-11-06 12:29:11 Assassins: hwet2 logged in.
2014-11-06 22:43:52 Assassins: cwc46 registered.
2014-11-06 22:43:58 Assassins: cwc46 logged in.
2014-11-06 23:10:18 Assassins: nrjc2 logged in.
2014-11-07 07:46:54 Assassins: ycil2 logged in.
2014-11-07 07:47:02 Assassins: ycil2 logged out.
2014-11-07 12:20:56 Assassins: nrjc2 logged in.
2014-11-07 14:08:17 Assassins: tq208 logged in.
2014-11-07 23:02:26 Assassins: yht22 registered.
2014-11-08 00:08:21 Assassins: Dy258 registered.
2014-11-08 00:08:39 Assassins: Dy258 logged in.
2014-11-08 01:13:01 Assassins: ycil2 logged in.
2014-11-08 01:13:05 Assassins: ycil2 logged out.
2014-11-08 09:23:08 Assassins: lkdw2 registered.
2014-11-08 09:23:15 Assassins: lkdw2 logged in.
2014-11-08 10:52:32 Assassins: jrc83 registered.
2014-11-08 10:52:58 Assassins: jrc83 logged in.
2014-11-08 11:26:07 Assassins: jkvt2 registered.
2014-11-08 17:24:26 Assassins: jcjp3 logged in.
2014-11-09 16:07:06 Assassins: fcjht2 registered.
2014-11-09 16:07:16 Assassins: fcjht2 logged in.
2014-11-10 00:12:25 Assassins: jrc83 logged in.
2014-11-10 08:05:33 Assassins: wlt26 logged in.
2014-11-10 23:13:54 Assassins: tq208 logged in.
2014-11-12 03:24:17 Assassins: pz250 logged in.
2014-11-14 01:23:57 Assassins: wlt26 logged in.
2014-11-14 01:24:05 Assassins: wlt26 logged out.
2014-11-14 20:23:33 Assassins: nrjc2 logged in.
2014-11-15 00:03:54 Assassins: nrjc2 logged out.
2014-11-15 00:04:57 Assassins: asdf1 registered.
2014-11-15 00:07:58 Assassins: nrjc2 logged in.
2014-11-15 00:12:09 Assassins: wqkc2 reset password.
2014-11-15 00:13:16 Assassins: lkdw2 logged in.
2014-11-15 00:13:34 Assassins: wg244 logged in.
2014-11-15 00:14:02 Assassins: wqkc2 logged in.
2014-11-15 00:14:43 Assassins: wqkc2 logged out.
2014-11-15 00:21:03 Assassins: nrjc2 logged in.
2014-11-15 00:32:56 Assassins: bwjn2 logged in.
2014-11-15 00:49:13 Assassins: mcpy2 logged in.
2014-11-15 01:08:38 Assassins: aa831 logged in.
2014-11-15 01:30:55 Assassins: gyjt2 logged in.
2014-11-15 01:50:19 Assassins: chl59 logged in.
2014-11-15 02:37:51 Assassins: ycil2 logged in.
2014-11-15 02:40:17 Assassins: ycil2 logged out.
2014-11-15 03:13:46 Assassins: kk539 logged in.
2014-11-15 07:58:53 Assassins: gjwk2 logged in.
2014-11-15 08:41:20 Assassins: ltcw2 logged in.
2014-11-15 09:49:56 Assassins: jrc83 logged in.
2014-11-15 10:50:12 Assassins: jjo28 logged in.
2014-11-15 10:52:50 Assassins: nrjc2 logged in.
2014-11-15 11:31:08 Assassins: jkvt2 logged in.
2014-11-15 15:19:03 Assassins: nrjc2 logged in.
2014-11-15 15:38:49 Assassins: sy333 logged in.
2014-11-15 16:10:22 Assassins: pz250 logged in.
2014-11-15 19:45:30 Assassins: ycil2 logged in.
2014-11-15 23:28:25 Assassins: lkdw2 logged in.
2014-11-16 00:56:00 Assassins: nrjc2 logged in.
2014-11-16 01:23:02 Assassins: tq208 logged in.
2014-11-16 01:23:29 Assassins: tq208 logged out.
2014-11-16 01:23:45 Assassins: bmc37 logged in.
2014-11-16 01:24:50 Assassins: bmc37 logged out.
2014-11-16 01:24:53 Assassins: tq208 logged in.
2014-11-16 01:25:48 Assassins: tq208 logged out.
2014-11-16 05:29:15 Assassins: sjyn2 logged in.
2014-11-16 10:59:28 Assassins: nrjc2 logged in.
2014-11-16 11:00:58 Assassins: bq204 changed password.
2014-11-16 11:02:37 Assassins: nrjc2 logged out.
2014-11-16 11:02:37 Assassins: nrjc2 logged out.
2014-11-16 11:10:25 Assassins: bq204 logged in.
2014-11-16 15:26:16 Assassins: kk539 logged in.
2014-11-16 15:26:45 Assassins: kk539 logged out.
2014-11-16 15:26:46 Assassins: bt333 logged in.
2014-11-16 15:27:25 Assassins: kk539 logged in.
2014-11-16 15:27:30 Assassins: amhc2 logged in.
2014-11-16 15:35:22 Assassins: dh510 reset password.
2014-11-16 15:35:47 Assassins: dh510 logged in.
2014-11-16 20:03:33 Assassins: nrjc2 logged in.
2014-11-16 20:04:42 Assassins: fcjht2 changed password.
2014-11-16 22:02:29 Assassins: hwet2 reset password.
2014-11-16 22:03:15 Assassins: hwet2 logged in.
2014-11-16 22:14:08 Assassins: sjyn2 logged in.
2014-11-16 23:21:22 Assassins: tq208 logged in.
2014-11-17 00:36:35 Assassins: chl59 logged in.
2014-11-17 00:50:28 Assassins: amhc2 logged in.
2014-11-17 00:53:14 Assassins: amhc2 logged out.
2014-11-17 07:23:44 Assassins: fcjht2 logged in.
2014-11-17 10:37:34 Assassins: nrjc2 logged in.
2014-11-17 14:08:00 Assassins: dh510 logged in.
2014-11-17 14:18:37 Assassins: dh510 logged out.
2014-11-17 14:23:47 Assassins: zz301 logged in.
2014-11-17 14:30:35 Assassins: dh510 logged in.
2014-11-17 14:40:55 Assassins: zz301 reset password.
2014-11-17 15:45:10 Assassins: tq208 logged in.
2014-11-17 16:18:20 Assassins: dh510 logged out.
2014-11-17 16:19:00 Assassins: dh510 logged in.
2014-11-17 16:43:34 Assassins: nz248 logged in.
2014-11-17 17:30:20 Assassins: dy251 logged in.
2014-11-17 19:22:58 Assassins: kk539 logged in.
2014-11-18 15:26:22 Assassins: bwjn2 logged in.
2014-11-18 19:59:42 Assassins: jcjp3 logged in.
2014-11-19 00:10:56 Assassins: yqh20 logged in.
2014-11-19 16:37:37 Assassins: ycil2 logged in.
2014-11-19 16:37:58 Assassins: ycil2 logged out.
2014-11-19 21:08:38 Assassins: chl59 logged in.
2014-11-19 21:10:22 Assassins: chl59 logged out.
2014-11-19 21:10:51 Assassins: chl59 logged in.
2014-11-19 21:11:13 Assassins: chl59 logged out.
2014-11-20 01:20:08 Assassins: ab2234 reset password.
2014-11-20 09:18:55 Assassins: sjyn2 logged in.
2014-11-20 09:46:18 Assassins: nrjc2 logged in.
2014-11-20 12:25:08 Assassins: hwet2 logged in.
2014-11-20 12:50:57 Assassins: wlt26 logged in.
2014-11-20 13:36:11 Assassins: sjyn2 logged in.
2014-11-20 15:17:03 Assassins: chl59 logged in.
2014-11-21 00:39:44 Assassins: tq208 logged in.
2014-11-21 11:35:30 Assassins: aaydn2 logged in.
2014-11-21 11:35:48 Assassins: aaydn2 logged out.
2014-11-21 12:19:13 Assassins: nrjc2 logged in.
2014-11-21 12:43:55 Assassins: wlt26 logged in.
2014-11-21 12:59:47 Assassins: jkvt2 logged in.
2014-11-21 17:31:07 Assassins: jcjp3 logged in.
2014-11-21 17:37:11 Assassins: wlt26 logged in.
2014-11-21 19:04:49 Assassins: sjyn2 logged in.
2014-11-22 02:04:45 Assassins: tq208 logged in.
2014-11-22 11:05:44 Assassins: lkdw2 logged in.
2014-11-22 11:12:32 Assassins: lkdw2 logged in.
2014-11-22 11:17:24 Assassins: nrjc2 logged in.
2014-11-22 16:18:26 Assassins: lkdw2 logged in.
2014-11-25 11:48:42 Assassins: bmc37 logged in.
2014-11-26 15:13:47 Assassins: gjwk2 logged in.
2014-11-26 16:16:14 Assassins: kk539 logged in.
2014-11-26 23:46:01 Assassins: tq208 logged in.
2014-11-26 23:55:51 Assassins: amhc2 logged in.
2014-11-26 23:59:30 Assassins: amhc2 logged out.
2014-11-27 16:09:26 Assassins: aaydn2 logged in.
2014-11-27 16:10:15 Assassins: aaydn2 logged out.
2014-11-28 12:39:01 Assassins: aa831 logged in.
2014-11-28 18:06:20 Assassins: nrjc2 logged in.
2014-12-01 17:38:30 Assassins: tq208 logged in.
2014-12-01 19:02:57 Assassins: wlt26 logged in.
2014-12-01 19:03:07 Assassins: wlt26 logged out.
2014-12-02 03:27:50 Assassins: kk539 logged in.
2014-12-02 15:46:04 Assassins: amhc2 logged in.
2014-12-02 15:53:03 Assassins: amhc2 logged out.
2014-12-02 16:26:46 Assassins: aa831 logged in.
2014-12-02 20:55:52 Assassins: bmc37 logged in.
2014-12-03 16:55:20 Assassins: kk539 logged in.
2014-12-05 20:07:15 Assassins: lkdw2 logged in.
2014-12-06 00:40:19 Assassins: nrjc2 logged in.
2014-12-06 00:41:53 Assassins: wkg23 changed password.
2014-12-06 03:06:56 Assassins: kk539 logged in.
2014-12-14 19:59:43 Assassins: sjyn2 logged in.
2014-12-14 20:00:02 Assassins: ycil2 logged in.
2014-12-14 20:01:16 Assassins: sjyn2 logged out.
2014-12-14 20:01:41 Assassins: sjyn2 logged in.
2014-12-14 20:02:12 Assassins: ycil2 logged out.
2014-12-22 19:09:32 Assassins: kk539 logged in.
2015-01-05 22:34:40 Assassins: aaydn2 logged in.
2015-01-05 22:35:01 Assassins: aaydn2 logged out.
2015-01-17 12:23:33 Assassins: sjyn2 logged in.
2015-01-18 09:59:40 Assassins: sjyn2 logged in.
2015-01-24 11:14:54 Assassins: nrjc2 logged in.
2015-01-25 04:24:59 Assassins: lkdw2 logged in.
2015-01-31 14:37:21 Assassins: ycil2 logged in.
2015-01-31 14:47:09 Assassins: ycil2 logged out.
2015-01-31 20:32:34 Assassins: kk539 logged in.
2015-02-02 18:11:28 Assassins: dy251 reset password.
2015-02-02 18:12:09 Assassins: dy251 logged in.
2015-02-04 23:01:13 Assassins: bt333 reset password.
2015-02-04 23:01:35 Assassins: bt333 logged in.
2015-02-04 23:03:53 Assassins: bt333 logged out.
2015-02-05 20:32:39 Assassins: pz250 reset password.
2015-02-06 21:41:23 Assassins: ltcw2 logged in.
2015-02-06 21:42:43 Assassins: ltcw2 logged out.
2015-02-12 20:48:53 Assassins: nrjc2 logged in.
2015-02-12 20:53:54 Assassins: nrjc2 logged out.
2015-02-12 20:55:01 Assassins: nrjc2 logged in.
2015-02-12 20:55:20 Assassins: plt28 changed password.
2015-02-12 20:56:49 Assassins: plt28 logged in.
2015-02-13 00:07:05 Assassins: plt28 logged in.
2015-02-13 11:57:32 Assassins: ycil2 logged in.
2015-02-13 12:21:30 Assassins: ycil2 logged out.
2015-02-13 22:45:01 Assassins: nrjc2 logged in.
2015-02-13 22:45:16 Assassins: bq204 changed password.
2015-02-13 22:45:44 Assassins: bq204 changed password.
2015-02-13 22:51:19 Assassins: bq204 logged in.
2015-02-15 00:42:17 Assassins: cwc46 logged in.
2015-02-16 09:13:13 Assassins: cwc46 logged in.
2015-02-17 23:53:49 Assassins: dy251 logged in.
2015-02-19 19:26:18 Assassins: dy251 logged in.
2015-02-20 00:20:32 Assassins: dy251 logged in.
2015-02-20 16:43:33 Assassins: dy251 logged in.
2015-02-21 13:01:26 Assassins: plt28 logged in.
2015-02-21 17:55:16 Assassins: nrjc2 logged in.
2015-02-27 00:13:02 Assassins: wlt26 logged in.
2015-03-03 10:35:08 Assassins: dy251 logged in.
2015-03-15 13:48:34 Assassins: ycil2 logged in.
2015-03-15 13:48:43 Assassins: ycil2 logged out.
2015-04-24 19:13:04 Assassins: dy251 logged in.
2015-04-25 01:27:44 Assassins: dy251 logged in.
2015-04-25 11:42:35 Assassins: dy251 logged in.
2015-05-07 07:41:39 Assassins: plt28 logged in.
2015-05-07 07:51:57 Assassins: plt28 logged out.
