2013-10-16 21:19:31 Games: Mission cycle deleted for active game (1).
2013-10-16 21:19:44 Games: Mission cycle created for active game (1).
2013-10-16 21:20:59 Games: Mission cycle deleted for active game (1).
2013-10-16 21:21:19 Games: Mission cycle created for active game (1).
2013-10-16 21:22:05 Games: Status of all assassins changed to 1.
2013-10-16 22:58:20 Games: Status of all missions changed to Open.
2013-10-17 01:08:31 Games: Mission cycle deleted for active game (1).
2013-10-17 01:10:24 Games: Mission cycle created for active game (1).
2013-10-17 17:58:44 Games: Mission cycle deleted for active game (1).
2013-10-22 21:16:27 Games: Mission cycle created for active game (1).
2013-10-22 21:16:43 Games: Mission cycle deleted for active game (1).
2013-10-26 23:59:58 Games: Mission cycle created for active game (1).
2014-10-31 21:28:58 Games: Status of all missions changed to Open.
2014-10-31 21:29:58 Games: Mission cycle created for active game (2).
2014-10-31 21:30:28 Games: Mission cycle deleted for active game (2).
2014-10-31 21:30:59 Games: Mission cycle created for active game (2).
2014-10-31 21:36:00 Games: Mission cycle deleted for active game (2).
2014-10-31 21:36:07 Games: Mission cycle created for active game (2).
2014-10-31 21:36:28 Games: Status of all assassins changed to 0.
2014-10-31 21:37:18 Games: Status of all assassins changed to 1.
2014-10-31 21:37:34 Games: Status of all missions changed to Success.
2014-10-31 21:38:54 Games: Status of all missions changed to Failure.
2014-10-31 21:39:02 Games: Status of all missions changed to Failure.
2014-10-31 21:39:15 Games: Status of all missions changed to Open.
2014-10-31 21:40:20 Games: Status of all missions changed to Open.
2014-10-31 21:43:10 Games: Status of all assassins changed to 1.
2014-10-31 21:43:42 Games: Mission cycle deleted for active game (2).
2014-10-31 21:59:39 Games: Mission cycle created for active game (2).
2014-10-31 22:01:03 Games: Mission cycle deleted for active game (2).
2014-10-31 22:01:06 Games: Status of all assassins changed to 1.
2014-11-15 00:02:43 Games: Mission cycle created for active game (2).
2015-05-07 07:50:38 Games: Status of all assassins changed to 0.
