2013-10-16 21:19:44 Missions: 26 assigned to kill 27
2013-10-16 21:19:44 Missions: 27 assigned to kill 26
2013-10-16 21:21:19 Missions: cydf2 assigned to kill ln276
2013-10-16 21:21:19 Missions: ln276 assigned to kill cydf2
2013-10-16 21:22:13 Missions: cydf2 killed ln276
2013-10-16 21:22:13 Missions: cydf2 has won CUMSA Assassin.
2013-10-17 01:10:24 Missions: ln276 assigned to kill cydf2
2013-10-17 01:10:24 Missions: cydf2 assigned to kill ln276
2013-10-22 21:16:27 Missions: twdl3 assigned to kill nz248
2013-10-22 21:16:27 Missions: lqc21 assigned to kill twdl3
2013-10-22 21:16:27 Missions: hss28 assigned to kill lqc21
2013-10-22 21:16:27 Missions: qx217 assigned to kill hss28
2013-10-22 21:16:27 Missions: aedt2 assigned to kill qx217
2013-10-22 21:16:27 Missions: sht29 assigned to kill aedt2
2013-10-22 21:16:27 Missions: zkg20 assigned to kill sht29
2013-10-22 21:16:27 Missions: yfss2 assigned to kill zkg20
2013-10-22 21:16:27 Missions: bwjn2 assigned to kill yfss2
2013-10-22 21:16:27 Missions: pz250 assigned to kill bwjn2
2013-10-22 21:16:27 Missions: ysjl2 assigned to kill pz250
2013-10-22 21:16:27 Missions: slz23 assigned to kill ysjl2
2013-10-22 21:16:27 Missions: sjyn2 assigned to kill slz23
2013-10-22 21:16:27 Missions: vc292 assigned to kill sjyn2
2013-10-22 21:16:27 Missions: ph407 assigned to kill vc292
2013-10-22 21:16:27 Missions: clyt2 assigned to kill ph407
2013-10-22 21:16:27 Missions: ltcw2 assigned to kill clyt2
2013-10-22 21:16:27 Missions: jyk30 assigned to kill ltcw2
2013-10-22 21:16:27 Missions: sxl22 assigned to kill jyk30
2013-10-22 21:16:27 Missions: jcjp3 assigned to kill sxl22
2013-10-22 21:16:27 Missions: gjwk2 assigned to kill jcjp3
2013-10-22 21:16:27 Missions: nz248 assigned to kill gjwk2
2013-10-26 23:59:58 Missions: llry2 assigned to kill yfss2
2013-10-26 23:59:58 Missions: sawl2 assigned to kill llry2
2013-10-26 23:59:58 Missions: yyma2 assigned to kill sawl2
2013-10-26 23:59:58 Missions: jyk30 assigned to kill yyma2
2013-10-26 23:59:58 Missions: ph407 assigned to kill jyk30
2013-10-26 23:59:58 Missions: pln24 assigned to kill ph407
2013-10-26 23:59:58 Missions: dylq2 assigned to kill pln24
2013-10-26 23:59:58 Missions: ltcw2 assigned to kill dylq2
2013-10-26 23:59:58 Missions: ysjl2 assigned to kill ltcw2
2013-10-26 23:59:58 Missions: clyt2 assigned to kill ysjl2
2013-10-26 23:59:58 Missions: pz250 assigned to kill clyt2
2013-10-26 23:59:58 Missions: sjyn2 assigned to kill pz250
2013-10-26 23:59:58 Missions: sht29 assigned to kill sjyn2
2013-10-26 23:59:58 Missions: twdl3 assigned to kill sht29
2013-10-26 23:59:58 Missions: fcjht2 assigned to kill twdl3
2013-10-26 23:59:58 Missions: tl383 assigned to kill fcjht2
2013-10-26 23:59:58 Missions: gjwk2 assigned to kill tl383
2013-10-26 23:59:58 Missions: bq204 assigned to kill gjwk2
2013-10-26 23:59:58 Missions: nz248 assigned to kill bq204
2013-10-26 23:59:58 Missions: dy251 assigned to kill nz248
2013-10-26 23:59:58 Missions: qx217 assigned to kill dy251
2013-10-26 23:59:58 Missions: jcjp3 assigned to kill qx217
2013-10-26 23:59:58 Missions: aedt2 assigned to kill jcjp3
2013-10-26 23:59:58 Missions: vc292 assigned to kill aedt2
2013-10-26 23:59:58 Missions: hwet2 assigned to kill vc292
2013-10-26 23:59:58 Missions: cy274 assigned to kill hwet2
2013-10-26 23:59:58 Missions: lqc21 assigned to kill cy274
2013-10-26 23:59:58 Missions: jk599 assigned to kill lqc21
2013-10-26 23:59:58 Missions: dn304 assigned to kill jk599
2013-10-26 23:59:58 Missions: ycl51 assigned to kill dn304
2013-10-26 23:59:58 Missions: bwjn2 assigned to kill ycl51
2013-10-26 23:59:58 Missions: ssjt2 assigned to kill bwjn2
2013-10-26 23:59:58 Missions: zcn21 assigned to kill ssjt2
2013-10-26 23:59:58 Missions: gyjt2 assigned to kill zcn21
2013-10-26 23:59:58 Missions: slz23 assigned to kill gyjt2
2013-10-26 23:59:58 Missions: hss28 assigned to kill slz23
2013-10-26 23:59:58 Missions: yht22 assigned to kill hss28
2013-10-26 23:59:58 Missions: sldc3 assigned to kill yht22
2013-10-26 23:59:58 Missions: jw766 assigned to kill sldc3
2013-10-26 23:59:58 Missions: ylt23 assigned to kill jw766
2013-10-26 23:59:58 Missions: zkg20 assigned to kill ylt23
2013-10-26 23:59:58 Missions: wg244 assigned to kill zkg20
2013-10-26 23:59:58 Missions: ycil2 assigned to kill wg244
2013-10-26 23:59:58 Missions: cbh31 assigned to kill ycil2
2013-10-26 23:59:58 Missions: ylc31 assigned to kill cbh31
2013-10-26 23:59:58 Missions: yc365 assigned to kill ylc31
2013-10-26 23:59:58 Missions: jy324 assigned to kill yc365
2013-10-26 23:59:58 Missions: sxl22 assigned to kill jy324
2013-10-26 23:59:58 Missions: yfss2 assigned to kill sxl22
2013-10-28 11:49:25 Missions: qx217 killed dy251
2013-10-28 11:49:25 Missions: qx217 assigned to kill nz248
2013-10-28 20:26:16 Missions: sjyn2 killed pz250
2013-10-28 20:26:16 Missions: sjyn2 assigned to kill clyt2
2013-10-28 21:52:11 Missions: qx217 killed nz248
2013-10-28 21:52:11 Missions: qx217 assigned to kill bq204
2013-10-29 19:17:31 Missions: ssjt2 killed bwjn2
2013-10-29 19:17:31 Missions: ssjt2 assigned to kill ycl51
2013-10-29 22:00:17 Missions: bq204 killed gjwk2
2013-10-29 22:00:17 Missions: bq204 assigned to kill tl383
2013-10-31 12:14:08 Missions: jyk30 killed yyma2
2013-10-31 12:14:08 Missions: jyk30 assigned to kill sawl2
2013-11-01 09:37:13 Missions: qx217 killed bq204
2013-11-01 09:37:13 Missions: qx217 assigned to kill tl383
2013-11-02 14:09:22 Missions: twdl3 killed sht29
2013-11-02 14:09:22 Missions: twdl3 assigned to kill sjyn2
2013-11-02 14:55:58 Missions: ysjl2 killed ltcw2
2013-11-02 14:55:58 Missions: ysjl2 assigned to kill dylq2
2013-11-03 14:36:41 Missions: lqc21 killed cy274
2013-11-03 14:36:41 Missions: lqc21 assigned to kill hwet2
2013-11-03 15:54:46 Missions: sawl2 killed llry2
2013-11-03 15:54:46 Missions: sawl2 assigned to kill yfss2
2013-11-04 21:10:44 Missions: lqc21 killed hwet2
2013-11-04 21:10:44 Missions: lqc21 assigned to kill vc292
2013-11-07 20:45:07 Missions: sawl2 killed yfss2
2013-11-07 20:45:07 Missions: sawl2 assigned to kill sxl22
2013-11-09 23:35:45 Missions: qx217 killed tl383
2013-11-09 23:35:45 Missions: qx217 assigned to kill fcjht2
2013-11-11 03:37:26 Missions: gyjt2 killed zcn21
2013-11-11 03:37:26 Missions: gyjt2 assigned to kill ssjt2
2013-11-11 11:28:17 Missions: qx217 killed fcjht2
2013-11-11 11:28:17 Missions: qx217 assigned to kill twdl3
2013-11-15 11:21:05 Missions: jcjp3 killed qx217
2013-11-15 11:21:05 Missions: jcjp3 assigned to kill twdl3
2013-11-24 16:41:26 Missions: dn304 killed jk599
2013-11-24 16:41:26 Missions: dn304 assigned to kill lqc21
2013-12-02 00:35:18 Missions: lqc21 killed vc292
2013-12-02 00:35:18 Missions: lqc21 assigned to kill aedt2
2013-12-04 20:11:45 Missions: clyt2 killed ysjl2
2013-12-04 20:11:45 Missions: clyt2 assigned to kill dylq2
2013-12-07 01:21:09 Missions: gyjt2 killed ssjt2
2013-12-07 01:21:09 Missions: gyjt2 assigned to kill ycl51
2014-01-22 22:16:59 Missions: lqc21 killed jcjp3
2014-01-22 22:16:59 Missions: lqc21 assigned to kill twdl3
2014-01-23 16:48:29 Missions: lqc21 killed twdl3
2014-01-23 16:48:29 Missions: lqc21 assigned to kill sjyn2
2014-01-25 14:44:18 Missions: lqc21 killed sjyn2
2014-01-25 14:44:18 Missions: lqc21 assigned to kill clyt2
2014-02-06 22:52:10 Missions: lqc21 killed clyt2
2014-02-06 22:52:10 Missions: lqc21 assigned to kill jyk30
2014-02-09 10:29:23 Missions: lqc21 killed jyk30
2014-02-09 10:29:23 Missions: lqc21 assigned to kill sawl2
2014-02-13 01:28:44 Missions: sawl2 killed gyjt2
2014-02-13 01:28:44 Missions: sawl2 assigned to kill dn304
2014-02-13 01:30:53 Missions: dn304 killed lqc21
2014-02-13 01:30:53 Missions: dn304 assigned to kill sawl2
2014-10-31 21:29:58 Missions: nrjc2 assigned to kill cydf2
2014-10-31 21:29:58 Missions: cydf2 assigned to kill nrjc2
2014-10-31 21:30:59 Missions: nrjc2 assigned to kill cydf2
2014-10-31 21:30:59 Missions: cydf2 assigned to kill nrjc2
2014-10-31 21:36:07 Missions: cydf2 assigned to kill nrjc2
2014-10-31 21:36:07 Missions: nrjc2 assigned to kill cydf2
2014-10-31 21:39:44 Missions: nrjc2 killed cydf2
2014-10-31 21:39:44 Missions: Nicholas Capel has won CUMSA Assassin.
2014-10-31 21:59:38 Missions: nrjc2 assigned to kill cydf2
2014-10-31 21:59:38 Missions: cydf2 assigned to kill nrjc2
2014-10-31 22:00:07 Missions: nrjc2 killed cydf2
2014-10-31 22:00:08 Missions: Nicholas Capel has won CUMSA Assassin.
2014-11-15 00:02:42 Missions: zz301 assigned to kill yqh20
2014-11-15 00:02:42 Missions: dh510 assigned to kill zz301
2014-11-15 00:02:42 Missions: cwc46 assigned to kill dh510
2014-11-15 00:02:42 Missions: gyjt2 assigned to kill cwc46
2014-11-15 00:02:42 Missions: sy333 assigned to kill gyjt2
2014-11-15 00:02:42 Missions: fcjht2 assigned to kill sy333
2014-11-15 00:02:42 Missions: pz250 assigned to kill fcjht2
2014-11-15 00:02:42 Missions: ltcw2 assigned to kill pz250
2014-11-15 00:02:42 Missions: bq204 assigned to kill ltcw2
2014-11-15 00:02:42 Missions: aaydn2 assigned to kill bq204
2014-11-15 00:02:42 Missions: jrc83 assigned to kill aaydn2
2014-11-15 00:02:42 Missions: ec557 assigned to kill jrc83
2014-11-15 00:02:42 Missions: mcpy2 assigned to kill ec557
2014-11-15 00:02:42 Missions: wqkc2 assigned to kill mcpy2
2014-11-15 00:02:42 Missions: llry2 assigned to kill wqkc2
2014-11-15 00:02:42 Missions: tq208 assigned to kill llry2
2014-11-15 00:02:42 Missions: jjo28 assigned to kill tq208
2014-11-15 00:02:42 Missions: wkg23 assigned to kill jjo28
2014-11-15 00:02:42 Missions: kk539 assigned to kill wkg23
2014-11-15 00:02:42 Missions: ab2234 assigned to kill kk539
2014-11-15 00:02:42 Missions: chl59 assigned to kill ab2234
2014-11-15 00:02:42 Missions: nz248 assigned to kill chl59
2014-11-15 00:02:42 Missions: aa831 assigned to kill nz248
2014-11-15 00:02:42 Missions: gjwk2 assigned to kill aa831
2014-11-15 00:02:42 Missions: amhc2 assigned to kill gjwk2
2014-11-15 00:02:42 Missions: bwjn2 assigned to kill amhc2
2014-11-15 00:02:42 Missions: jkvt2 assigned to kill bwjn2
2014-11-15 00:02:42 Missions: Dy258 assigned to kill jkvt2
2014-11-15 00:02:42 Missions: sjyn2 assigned to kill Dy258
2014-11-15 00:02:42 Missions: dy251 assigned to kill sjyn2
2014-11-15 00:02:43 Missions: jcjp3 assigned to kill dy251
2014-11-15 00:02:43 Missions: bt333 assigned to kill jcjp3
2014-11-15 00:02:43 Missions: yd262 assigned to kill bt333
2014-11-15 00:02:43 Missions: ycil2 assigned to kill yd262
2014-11-15 00:02:43 Missions: yht22 assigned to kill ycil2
2014-11-15 00:02:43 Missions: lkdw2 assigned to kill yht22
2014-11-15 00:02:43 Missions: nrjc2 assigned to kill lkdw2
2014-11-15 00:02:43 Missions: wlt26 assigned to kill nrjc2
2014-11-15 00:02:43 Missions: ckn25 assigned to kill wlt26
2014-11-15 00:02:43 Missions: hwet2 assigned to kill ckn25
2014-11-15 00:02:43 Missions: bmc37 assigned to kill hwet2
2014-11-15 00:02:43 Missions: wg244 assigned to kill bmc37
2014-11-15 00:02:43 Missions: ac948 assigned to kill wg244
2014-11-15 00:02:43 Missions: yqh20 assigned to kill ac948
2014-11-17 16:17:11 Missions: dh510 killed zz301
2014-11-17 16:17:11 Missions: dh510 assigned to kill yqh20
2014-11-20 09:20:14 Missions: sjyn2 killed Dy258
2014-11-20 09:20:14 Missions: sjyn2 assigned to kill jkvt2
2014-11-20 15:18:27 Missions: chl59 killed ab2234
2014-11-20 15:18:27 Missions: chl59 assigned to kill kk539
2014-11-21 13:06:12 Missions: jkvt2 killed bwjn2
2014-11-21 13:06:12 Missions: jkvt2 assigned to kill amhc2
2014-11-21 19:05:38 Missions: sjyn2 killed jkvt2
2014-11-21 19:05:38 Missions: sjyn2 assigned to kill amhc2
2014-11-22 11:05:56 Missions: lkdw2 killed yht22
2014-11-22 11:05:56 Missions: lkdw2 assigned to kill ycil2
2014-11-25 11:53:05 Missions: bmc37 killed hwet2
2014-11-25 11:53:05 Missions: bmc37 assigned to kill ckn25
2014-11-26 23:58:56 Missions: amhc2 killed gjwk2
2014-11-26 23:58:56 Missions: amhc2 assigned to kill aa831
2014-12-02 15:51:17 Missions: amhc2 killed aa831
2014-12-02 15:51:17 Missions: amhc2 assigned to kill nz248
2014-12-06 03:08:56 Missions: kk539 killed wkg23
2014-12-06 03:08:56 Missions: kk539 assigned to kill jjo28
2014-12-14 20:00:55 Missions: sjyn2 killed amhc2
2014-12-14 20:00:56 Missions: sjyn2 assigned to kill nz248
2015-01-18 10:00:47 Missions: sjyn2 killed nz248
2015-01-18 10:00:47 Missions: sjyn2 assigned to kill chl59
2015-01-18 10:01:27 Missions: sjyn2 killed chl59
2015-01-18 10:01:27 Missions: sjyn2 assigned to kill kk539
2015-02-04 23:02:41 Missions: bt333 killed jcjp3
2015-02-04 23:02:41 Missions: bt333 assigned to kill dy251
2015-02-06 21:41:38 Missions: ltcw2 killed pz250
2015-02-06 21:41:38 Missions: ltcw2 assigned to kill fcjht2
2015-02-13 22:56:32 Missions: bq204 killed ltcw2
2015-02-13 22:56:32 Missions: bq204 assigned to kill fcjht2
2015-02-20 00:21:40 Missions: dy251 killed sjyn2
2015-02-20 00:21:40 Missions: dy251 assigned to kill kk539
2015-02-20 16:44:02 Missions: dy251 killed kk539
2015-02-20 16:44:02 Missions: dy251 assigned to kill jjo28
2015-04-25 01:32:00 Missions: dy251 killed jjo28
2015-04-25 01:32:00 Missions: dy251 assigned to kill tq208
